{"/Users/giorgosioannidis/Sites/ocean/todo/test-utils.tsx": {"path":"/Users/giorgosioannidis/Sites/ocean/todo/test-utils.tsx","statementMap":{"0":{"start":{"line":10,"column":21},"end":{"line":30,"column":1}},"1":{"start":{"line":17,"column":26},"end":{"line":27,"column":3}},"2":{"start":{"line":18,"column":24},"end":{"line":18,"column":44}},"3":{"start":{"line":20,"column":4},"end":{"line":26,"column":6}},"4":{"start":{"line":29,"column":2},"end":{"line":29,"column":62}}},"fnMap":{"0":{"name":"(anonymous_0)","decl":{"start":{"line":10,"column":21},"end":{"line":10,"column":22}},"loc":{"start":{"line":16,"column":5},"end":{"line":30,"column":1}},"line":16},"1":{"name":"(anonymous_1)","decl":{"start":{"line":17,"column":26},"end":{"line":17,"column":27}},"loc":{"start":{"line":17,"column":69},"end":{"line":27,"column":3}},"line":17}},"branchMap":{"0":{"loc":{"start":{"line":12,"column":2},"end":{"line":15,"column":68}},"type":"default-arg","locations":[{"start":{"line":15,"column":66},"end":{"line":15,"column":68}}],"line":12}},"s":{"0":9,"1":39,"2":39,"3":39,"4":39},"f":{"0":39,"1":39},"b":{"0":[25]},"_coverageSchema":"1a1c01bbd47fc00a2c39e90264f33305004495a9","hash":"a4f5c68aeef3a86c0eaaf0833ed5fd1de5fc4e15"}
,"/Users/giorgosioannidis/Sites/ocean/todo/src/assets/icons/deleteIcon.svg": {"path":"/Users/giorgosioannidis/Sites/ocean/todo/src/assets/icons/deleteIcon.svg","statementMap":{"0":{"start":{"line":1,"column":0},"end":{"line":1,"column":34}}},"fnMap":{},"branchMap":{},"s":{"0":3},"f":{},"b":{},"_coverageSchema":"1a1c01bbd47fc00a2c39e90264f33305004495a9","hash":"22519a75b0f884fd3c3660c2ba496bd0383757c1"}
,"/Users/giorgosioannidis/Sites/ocean/todo/src/assets/icons/edit-icon.svg": {"path":"/Users/giorgosioannidis/Sites/ocean/todo/src/assets/icons/edit-icon.svg","statementMap":{"0":{"start":{"line":1,"column":0},"end":{"line":1,"column":33}}},"fnMap":{},"branchMap":{},"s":{"0":3},"f":{},"b":{},"_coverageSchema":"1a1c01bbd47fc00a2c39e90264f33305004495a9","hash":"7429ef7b4ac715ed4b43e6512b9cc4306e72727b"}
,"/Users/giorgosioannidis/Sites/ocean/todo/src/components/Action/Action.styles.ts": {"path":"/Users/giorgosioannidis/Sites/ocean/todo/src/components/Action/Action.styles.ts","statementMap":{"0":{"start":{"line":7,"column":22},"end":{"line":23,"column":2}}},"fnMap":{},"branchMap":{},"s":{"0":4},"f":{},"b":{},"_coverageSchema":"1a1c01bbd47fc00a2c39e90264f33305004495a9","hash":"b051a4e4616c8c6dd250a28aa893f5de2c11df8f"}
,"/Users/giorgosioannidis/Sites/ocean/todo/src/components/Action/Action.tsx": {"path":"/Users/giorgosioannidis/Sites/ocean/todo/src/components/Action/Action.tsx","statementMap":{"0":{"start":{"line":16,"column":15},"end":{"line":44,"column":1}},"1":{"start":{"line":25,"column":16},"end":{"line":28,"column":4}},"2":{"start":{"line":29,"column":2},"end":{"line":43,"column":4}}},"fnMap":{"0":{"name":"(anonymous_0)","decl":{"start":{"line":16,"column":15},"end":{"line":16,"column":16}},"loc":{"start":{"line":24,"column":14},"end":{"line":44,"column":1}},"line":24}},"branchMap":{},"s":{"0":4,"1":112,"2":112},"f":{"0":112},"b":{},"_coverageSchema":"1a1c01bbd47fc00a2c39e90264f33305004495a9","hash":"47bea652adb860a00a753f8236aa97e49a68660a"}
,"/Users/giorgosioannidis/Sites/ocean/todo/src/components/Action/index.ts": {"path":"/Users/giorgosioannidis/Sites/ocean/todo/src/components/Action/index.ts","statementMap":{},"fnMap":{},"branchMap":{},"s":{},"f":{},"b":{},"_coverageSchema":"1a1c01bbd47fc00a2c39e90264f33305004495a9","hash":"711694fe75d6a2c30cd7dfab8068966e21406766"}
,"/Users/giorgosioannidis/Sites/ocean/todo/src/components/Checkbox/Checkbox.styles.ts": {"path":"/Users/giorgosioannidis/Sites/ocean/todo/src/components/Checkbox/Checkbox.styles.ts","statementMap":{"0":{"start":{"line":4,"column":22},"end":{"line":9,"column":2}}},"fnMap":{},"branchMap":{},"s":{"0":3},"f":{},"b":{},"_coverageSchema":"1a1c01bbd47fc00a2c39e90264f33305004495a9","hash":"6870d7167a2aee0a6bd068b6648b7d6bfc737335"}
,"/Users/giorgosioannidis/Sites/ocean/todo/src/components/Checkbox/Checkbox.tsx": {"path":"/Users/giorgosioannidis/Sites/ocean/todo/src/components/Checkbox/Checkbox.tsx","statementMap":{"0":{"start":{"line":11,"column":24},"end":{"line":17,"column":1}},"1":{"start":{"line":12,"column":2},"end":{"line":16,"column":4}}},"fnMap":{"0":{"name":"(anonymous_0)","decl":{"start":{"line":11,"column":24},"end":{"line":11,"column":25}},"loc":{"start":{"line":11,"column":55},"end":{"line":17,"column":1}},"line":11}},"branchMap":{},"s":{"0":3,"1":45},"f":{"0":45},"b":{},"_coverageSchema":"1a1c01bbd47fc00a2c39e90264f33305004495a9","hash":"157786a2eb2a4713359feb28be185d6204349f7c"}
,"/Users/giorgosioannidis/Sites/ocean/todo/src/components/Checkbox/index.ts": {"path":"/Users/giorgosioannidis/Sites/ocean/todo/src/components/Checkbox/index.ts","statementMap":{},"fnMap":{},"branchMap":{},"s":{},"f":{},"b":{},"_coverageSchema":"1a1c01bbd47fc00a2c39e90264f33305004495a9","hash":"b5bc36e997d6ebda86133bccb890753926b4eddd"}
,"/Users/giorgosioannidis/Sites/ocean/todo/src/components/Dialog/Dialog.tsx": {"path":"/Users/giorgosioannidis/Sites/ocean/todo/src/components/Dialog/Dialog.tsx","statementMap":{"0":{"start":{"line":18,"column":19},"end":{"line":60,"column":1}},"1":{"start":{"line":19,"column":2},"end":{"line":59,"column":4}},"2":{"start":{"line":50,"column":14},"end":{"line":50,"column":29}},"3":{"start":{"line":51,"column":14},"end":{"line":51,"column":30}}},"fnMap":{"0":{"name":"(anonymous_0)","decl":{"start":{"line":18,"column":19},"end":{"line":18,"column":20}},"loc":{"start":{"line":18,"column":38},"end":{"line":60,"column":1}},"line":18},"1":{"name":"(anonymous_1)","decl":{"start":{"line":49,"column":21},"end":{"line":49,"column":22}},"loc":{"start":{"line":49,"column":27},"end":{"line":52,"column":13}},"line":49}},"branchMap":{"0":{"loc":{"start":{"line":31,"column":20},"end":{"line":31,"column":52}},"type":"binary-expr","locations":[{"start":{"line":31,"column":20},"end":{"line":31,"column":32}},{"start":{"line":31,"column":36},"end":{"line":31,"column":52}}],"line":31}},"s":{"0":3,"1":20,"2":4,"3":4},"f":{"0":20,"1":4},"b":{"0":[20,8]},"_coverageSchema":"1a1c01bbd47fc00a2c39e90264f33305004495a9","hash":"a5fd07f730b685ca074fbe9a364d8d84b9442b22"}
,"/Users/giorgosioannidis/Sites/ocean/todo/src/components/Input/Input.styles.tsx": {"path":"/Users/giorgosioannidis/Sites/ocean/todo/src/components/Input/Input.styles.tsx","statementMap":{"0":{"start":{"line":5,"column":22},"end":{"line":30,"column":2}}},"fnMap":{},"branchMap":{},"s":{"0":4},"f":{},"b":{},"_coverageSchema":"1a1c01bbd47fc00a2c39e90264f33305004495a9","hash":"5d0fec309d29ed06219663802557f00fe44ac4d8"}
,"/Users/giorgosioannidis/Sites/ocean/todo/src/components/Input/Input.tsx": {"path":"/Users/giorgosioannidis/Sites/ocean/todo/src/components/Input/Input.tsx","statementMap":{"0":{"start":{"line":15,"column":26},"end":{"line":67,"column":1}},"1":{"start":{"line":22,"column":19},"end":{"line":22,"column":55}},"2":{"start":{"line":23,"column":26},"end":{"line":25,"column":3}},"3":{"start":{"line":24,"column":4},"end":{"line":24,"column":26}},"4":{"start":{"line":27,"column":2},"end":{"line":66,"column":4}},"5":{"start":{"line":51,"column":16},"end":{"line":51,"column":38}},"6":{"start":{"line":52,"column":16},"end":{"line":52,"column":29}}},"fnMap":{"0":{"name":"(anonymous_0)","decl":{"start":{"line":15,"column":26},"end":{"line":15,"column":27}},"loc":{"start":{"line":21,"column":6},"end":{"line":67,"column":1}},"line":21},"1":{"name":"(anonymous_1)","decl":{"start":{"line":23,"column":26},"end":{"line":23,"column":27}},"loc":{"start":{"line":23,"column":51},"end":{"line":25,"column":3}},"line":23},"2":{"name":"(anonymous_2)","decl":{"start":{"line":50,"column":23},"end":{"line":50,"column":24}},"loc":{"start":{"line":50,"column":29},"end":{"line":53,"column":15}},"line":50}},"branchMap":{"0":{"loc":{"start":{"line":36,"column":16},"end":{"line":36,"column":33}},"type":"binary-expr","locations":[{"start":{"line":36,"column":16},"end":{"line":36,"column":22}},{"start":{"line":36,"column":26},"end":{"line":36,"column":33}}],"line":36},"1":{"loc":{"start":{"line":43,"column":10},"end":{"line":55,"column":11}},"type":"binary-expr","locations":[{"start":{"line":43,"column":10},"end":{"line":43,"column":24}},{"start":{"line":44,"column":10},"end":{"line":44,"column":24}},{"start":{"line":45,"column":12},"end":{"line":54,"column":14}}],"line":43}},"s":{"0":4,"1":43,"2":43,"3":23,"4":43,"5":2,"6":2},"f":{"0":43,"1":23,"2":2},"b":{"0":[43,1],"1":[43,19,19]},"_coverageSchema":"1a1c01bbd47fc00a2c39e90264f33305004495a9","hash":"37071e8461be87ed396bf6270fce41865c829382"}
,"/Users/giorgosioannidis/Sites/ocean/todo/src/components/Input/index.ts": {"path":"/Users/giorgosioannidis/Sites/ocean/todo/src/components/Input/index.ts","statementMap":{},"fnMap":{},"branchMap":{},"s":{},"f":{},"b":{},"_coverageSchema":"1a1c01bbd47fc00a2c39e90264f33305004495a9","hash":"11931766a5565f76fe9b45eb680684d40d65eaec"}
,"/Users/giorgosioannidis/Sites/ocean/todo/src/components/Menu/Menu.styles.ts": {"path":"/Users/giorgosioannidis/Sites/ocean/todo/src/components/Menu/Menu.styles.ts","statementMap":{"0":{"start":{"line":7,"column":22},"end":{"line":14,"column":2}}},"fnMap":{},"branchMap":{},"s":{"0":1},"f":{},"b":{},"_coverageSchema":"1a1c01bbd47fc00a2c39e90264f33305004495a9","hash":"6ae691c797c102562080ae7fd1e8b5d8f998315c"}
,"/Users/giorgosioannidis/Sites/ocean/todo/src/components/Menu/Menu.tsx": {"path":"/Users/giorgosioannidis/Sites/ocean/todo/src/components/Menu/Menu.tsx","statementMap":{"0":{"start":{"line":17,"column":13},"end":{"line":43,"column":1}},"1":{"start":{"line":18,"column":2},"end":{"line":42,"column":4}},"2":{"start":{"line":21,"column":8},"end":{"line":39,"column":10}},"3":{"start":{"line":27,"column":14},"end":{"line":35,"column":16}}},"fnMap":{"0":{"name":"(anonymous_0)","decl":{"start":{"line":17,"column":13},"end":{"line":17,"column":14}},"loc":{"start":{"line":17,"column":32},"end":{"line":43,"column":1}},"line":17},"1":{"name":"(anonymous_1)","decl":{"start":{"line":20,"column":23},"end":{"line":20,"column":24}},"loc":{"start":{"line":20,"column":33},"end":{"line":40,"column":7}},"line":20},"2":{"name":"(anonymous_2)","decl":{"start":{"line":26,"column":28},"end":{"line":26,"column":29}},"loc":{"start":{"line":26,"column":41},"end":{"line":36,"column":13}},"line":26}},"branchMap":{},"s":{"0":1,"1":43,"2":86,"3":129},"f":{"0":43,"1":86,"2":129},"b":{},"_coverageSchema":"1a1c01bbd47fc00a2c39e90264f33305004495a9","hash":"a1f6ed1e145aca79fa92e44befa6f50d2d421419"}
,"/Users/giorgosioannidis/Sites/ocean/todo/src/components/Menu/index.ts": {"path":"/Users/giorgosioannidis/Sites/ocean/todo/src/components/Menu/index.ts","statementMap":{},"fnMap":{},"branchMap":{},"s":{},"f":{},"b":{},"_coverageSchema":"1a1c01bbd47fc00a2c39e90264f33305004495a9","hash":"f8f51276c47254c74dcbbc396afb5dc2cfb9dc2e"}
,"/Users/giorgosioannidis/Sites/ocean/todo/src/components/Swipeable/Swipeable.tsx": {"path":"/Users/giorgosioannidis/Sites/ocean/todo/src/components/Swipeable/Swipeable.tsx","statementMap":{"0":{"start":{"line":14,"column":18},"end":{"line":42,"column":1}},"1":{"start":{"line":21,"column":24},"end":{"line":21,"column":58}},"2":{"start":{"line":23,"column":29},"end":{"line":25,"column":62}},"3":{"start":{"line":25,"column":7},"end":{"line":25,"column":62}},"4":{"start":{"line":27,"column":16},"end":{"line":29,"column":3}},"5":{"start":{"line":28,"column":4},"end":{"line":28,"column":35}},"6":{"start":{"line":31,"column":2},"end":{"line":41,"column":4}}},"fnMap":{"0":{"name":"(anonymous_0)","decl":{"start":{"line":14,"column":18},"end":{"line":14,"column":19}},"loc":{"start":{"line":20,"column":14},"end":{"line":42,"column":1}},"line":20},"1":{"name":"(anonymous_1)","decl":{"start":{"line":23,"column":29},"end":{"line":23,"column":30}},"loc":{"start":{"line":25,"column":7},"end":{"line":25,"column":62}},"line":25},"2":{"name":"(anonymous_2)","decl":{"start":{"line":27,"column":16},"end":{"line":27,"column":17}},"loc":{"start":{"line":27,"column":22},"end":{"line":29,"column":3}},"line":27}},"branchMap":{"0":{"loc":{"start":{"line":17,"column":2},"end":{"line":17,"column":12}},"type":"default-arg","locations":[{"start":{"line":17,"column":10},"end":{"line":17,"column":12}}],"line":17},"1":{"loc":{"start":{"line":18,"column":2},"end":{"line":18,"column":14}},"type":"default-arg","locations":[{"start":{"line":18,"column":13},"end":{"line":18,"column":14}}],"line":18}},"s":{"0":4,"1":52,"2":52,"3":56,"4":52,"5":5,"6":52},"f":{"0":52,"1":56,"2":5},"b":{"0":[1],"1":[1]},"_coverageSchema":"1a1c01bbd47fc00a2c39e90264f33305004495a9","hash":"5aeaa8c973004619ba617a7f3a172ba3cafecdb7"}
,"/Users/giorgosioannidis/Sites/ocean/todo/src/components/Swipeable/index.ts": {"path":"/Users/giorgosioannidis/Sites/ocean/todo/src/components/Swipeable/index.ts","statementMap":{},"fnMap":{},"branchMap":{},"s":{},"f":{},"b":{},"_coverageSchema":"1a1c01bbd47fc00a2c39e90264f33305004495a9","hash":"962bae9361b32ecf89c345ee31912d4a07e85d19"}
,"/Users/giorgosioannidis/Sites/ocean/todo/src/components/TodoItem/TodoItem.styles.tsx": {"path":"/Users/giorgosioannidis/Sites/ocean/todo/src/components/TodoItem/TodoItem.styles.tsx","statementMap":{"0":{"start":{"line":8,"column":22},"end":{"line":56,"column":2}}},"fnMap":{},"branchMap":{"0":{"loc":{"start":{"line":22,"column":19},"end":{"line":22,"column":60}},"type":"cond-expr","locations":[{"start":{"line":22,"column":39},"end":{"line":22,"column":52}},{"start":{"line":22,"column":55},"end":{"line":22,"column":60}}],"line":22},"1":{"loc":{"start":{"line":26,"column":19},"end":{"line":26,"column":60}},"type":"cond-expr","locations":[{"start":{"line":26,"column":39},"end":{"line":26,"column":52}},{"start":{"line":26,"column":55},"end":{"line":26,"column":60}}],"line":26}},"s":{"0":2},"f":{},"b":{"0":[0,2],"1":[0,2]},"_coverageSchema":"1a1c01bbd47fc00a2c39e90264f33305004495a9","hash":"3b2f11e8b7a9787d2a594ba57b6ce04cda2188b8"}
,"/Users/giorgosioannidis/Sites/ocean/todo/src/components/TodoItem/TodoItem.tsx": {"path":"/Users/giorgosioannidis/Sites/ocean/todo/src/components/TodoItem/TodoItem.tsx","statementMap":{"0":{"start":{"line":32,"column":24},"end":{"line":68,"column":1}},"1":{"start":{"line":38,"column":2},"end":{"line":67,"column":4}},"2":{"start":{"line":45,"column":10},"end":{"line":45,"column":21}},"3":{"start":{"line":46,"column":10},"end":{"line":46,"column":18}},"4":{"start":{"line":57,"column":10},"end":{"line":57,"column":19}},"5":{"start":{"line":58,"column":10},"end":{"line":58,"column":18}},"6":{"start":{"line":70,"column":17},"end":{"line":117,"column":1}},"7":{"start":{"line":71,"column":19},"end":{"line":71,"column":32}},"8":{"start":{"line":72,"column":22},"end":{"line":80,"column":3}},"9":{"start":{"line":73,"column":4},"end":{"line":79,"column":6}},"10":{"start":{"line":82,"column":25},"end":{"line":84,"column":3}},"11":{"start":{"line":83,"column":4},"end":{"line":83,"column":47}},"12":{"start":{"line":86,"column":23},"end":{"line":89,"column":3}},"13":{"start":{"line":87,"column":4},"end":{"line":87,"column":33}},"14":{"start":{"line":88,"column":4},"end":{"line":88,"column":74}},"15":{"start":{"line":91,"column":2},"end":{"line":116,"column":4}}},"fnMap":{"0":{"name":"(anonymous_0)","decl":{"start":{"line":32,"column":24},"end":{"line":32,"column":25}},"loc":{"start":{"line":37,"column":29},"end":{"line":68,"column":1}},"line":37},"1":{"name":"(anonymous_1)","decl":{"start":{"line":44,"column":17},"end":{"line":44,"column":18}},"loc":{"start":{"line":44,"column":23},"end":{"line":47,"column":9}},"line":44},"2":{"name":"(anonymous_2)","decl":{"start":{"line":56,"column":17},"end":{"line":56,"column":18}},"loc":{"start":{"line":56,"column":23},"end":{"line":59,"column":9}},"line":56},"3":{"name":"(anonymous_3)","decl":{"start":{"line":70,"column":17},"end":{"line":70,"column":18}},"loc":{"start":{"line":70,"column":65},"end":{"line":117,"column":1}},"line":70},"4":{"name":"(anonymous_4)","decl":{"start":{"line":72,"column":22},"end":{"line":72,"column":23}},"loc":{"start":{"line":72,"column":28},"end":{"line":80,"column":3}},"line":72},"5":{"name":"(anonymous_5)","decl":{"start":{"line":82,"column":25},"end":{"line":82,"column":26}},"loc":{"start":{"line":82,"column":31},"end":{"line":84,"column":3}},"line":82},"6":{"name":"(anonymous_6)","decl":{"start":{"line":86,"column":23},"end":{"line":86,"column":24}},"loc":{"start":{"line":86,"column":29},"end":{"line":89,"column":3}},"line":86}},"branchMap":{"0":{"loc":{"start":{"line":77,"column":10},"end":{"line":77,"column":76}},"type":"cond-expr","locations":[{"start":{"line":77,"column":43},"end":{"line":77,"column":59}},{"start":{"line":77,"column":62},"end":{"line":77,"column":76}}],"line":77},"1":{"loc":{"start":{"line":109,"column":18},"end":{"line":109,"column":74}},"type":"cond-expr","locations":[{"start":{"line":109,"column":51},"end":{"line":109,"column":62}},{"start":{"line":109,"column":65},"end":{"line":109,"column":74}}],"line":109}},"s":{"0":2,"1":43,"2":1,"3":1,"4":1,"5":1,"6":2,"7":41,"8":41,"9":1,"10":41,"11":1,"12":41,"13":1,"14":1,"15":41},"f":{"0":43,"1":1,"2":1,"3":41,"4":1,"5":1,"6":1},"b":{"0":[1,0],"1":[10,31]},"_coverageSchema":"1a1c01bbd47fc00a2c39e90264f33305004495a9","hash":"6eb18d14db94e5fcf3d6fb96137fa09d76b9fb08"}
,"/Users/giorgosioannidis/Sites/ocean/todo/src/components/TodoItem/index.ts": {"path":"/Users/giorgosioannidis/Sites/ocean/todo/src/components/TodoItem/index.ts","statementMap":{},"fnMap":{},"branchMap":{},"s":{},"f":{},"b":{},"_coverageSchema":"1a1c01bbd47fc00a2c39e90264f33305004495a9","hash":"6dad692754c7be8e403c34fc0be1677cf5602f74"}
,"/Users/giorgosioannidis/Sites/ocean/todo/src/components/Typography/Typography.styles.ts": {"path":"/Users/giorgosioannidis/Sites/ocean/todo/src/components/Typography/Typography.styles.ts","statementMap":{"0":{"start":{"line":4,"column":22},"end":{"line":15,"column":2}}},"fnMap":{},"branchMap":{},"s":{"0":4},"f":{},"b":{},"_coverageSchema":"1a1c01bbd47fc00a2c39e90264f33305004495a9","hash":"7e3efa4c29aec4a9c835ed8a2d68b1b99b1e6c81"}
,"/Users/giorgosioannidis/Sites/ocean/todo/src/components/Typography/Typography.tsx": {"path":"/Users/giorgosioannidis/Sites/ocean/todo/src/components/Typography/Typography.tsx","statementMap":{"0":{"start":{"line":12,"column":19},"end":{"line":29,"column":1}},"1":{"start":{"line":13,"column":22},"end":{"line":22,"column":3}},"2":{"start":{"line":14,"column":4},"end":{"line":21,"column":5}},"3":{"start":{"line":16,"column":8},"end":{"line":16,"column":25}},"4":{"start":{"line":18,"column":8},"end":{"line":18,"column":27}},"5":{"start":{"line":20,"column":8},"end":{"line":20,"column":24}},"6":{"start":{"line":24,"column":2},"end":{"line":28,"column":4}}},"fnMap":{"0":{"name":"(anonymous_0)","decl":{"start":{"line":12,"column":19},"end":{"line":12,"column":20}},"loc":{"start":{"line":12,"column":69},"end":{"line":29,"column":1}},"line":12},"1":{"name":"(anonymous_1)","decl":{"start":{"line":13,"column":22},"end":{"line":13,"column":23}},"loc":{"start":{"line":13,"column":39},"end":{"line":22,"column":3}},"line":13}},"branchMap":{"0":{"loc":{"start":{"line":14,"column":4},"end":{"line":21,"column":5}},"type":"switch","locations":[{"start":{"line":15,"column":6},"end":{"line":16,"column":25}},{"start":{"line":17,"column":6},"end":{"line":18,"column":27}},{"start":{"line":19,"column":6},"end":{"line":20,"column":24}}],"line":14}},"s":{"0":4,"1":79,"2":79,"3":64,"4":3,"5":12,"6":79},"f":{"0":79,"1":79},"b":{"0":[64,3,12]},"_coverageSchema":"1a1c01bbd47fc00a2c39e90264f33305004495a9","hash":"f908ecf5e9812a637000506952bb850159bb7de1"}
,"/Users/giorgosioannidis/Sites/ocean/todo/src/components/Typography/Typography.types.ts": {"path":"/Users/giorgosioannidis/Sites/ocean/todo/src/components/Typography/Typography.types.ts","statementMap":{},"fnMap":{},"branchMap":{},"s":{},"f":{},"b":{},"_coverageSchema":"1a1c01bbd47fc00a2c39e90264f33305004495a9","hash":"ef2110af5434563379d85a8eb15eb48fec1c8b6c"}
,"/Users/giorgosioannidis/Sites/ocean/todo/src/components/Typography/index.ts": {"path":"/Users/giorgosioannidis/Sites/ocean/todo/src/components/Typography/index.ts","statementMap":{},"fnMap":{},"branchMap":{},"s":{},"f":{},"b":{},"_coverageSchema":"1a1c01bbd47fc00a2c39e90264f33305004495a9","hash":"adadc1d8dc4b28b7aa3f7c22d107dab0b79b6386"}
,"/Users/giorgosioannidis/Sites/ocean/todo/src/constants/styles.ts": {"path":"/Users/giorgosioannidis/Sites/ocean/todo/src/constants/styles.ts","statementMap":{"0":{"start":{"line":4,"column":22},"end":{"line":12,"column":1}},"1":{"start":{"line":14,"column":26},"end":{"line":14,"column":34}},"2":{"start":{"line":15,"column":27},"end":{"line":15,"column":35}},"3":{"start":{"line":16,"column":26},"end":{"line":16,"column":34}},"4":{"start":{"line":18,"column":21},"end":{"line":30,"column":1}}},"fnMap":{},"branchMap":{},"s":{"0":9,"1":9,"2":9,"3":9,"4":9},"f":{},"b":{},"_coverageSchema":"1a1c01bbd47fc00a2c39e90264f33305004495a9","hash":"df45e1e2e89580a788b3986b815fb624363f1b21"}
,"/Users/giorgosioannidis/Sites/ocean/todo/src/screens/TodoList/TodoList.styles.ts": {"path":"/Users/giorgosioannidis/Sites/ocean/todo/src/screens/TodoList/TodoList.styles.ts","statementMap":{"0":{"start":{"line":4,"column":22},"end":{"line":9,"column":2}}},"fnMap":{},"branchMap":{},"s":{"0":1},"f":{},"b":{},"_coverageSchema":"1a1c01bbd47fc00a2c39e90264f33305004495a9","hash":"6e9d57fa59def615df1123ca1ac04df488e803c3"}
,"/Users/giorgosioannidis/Sites/ocean/todo/src/screens/TodoList/TodoList.tsx": {"path":"/Users/giorgosioannidis/Sites/ocean/todo/src/screens/TodoList/TodoList.tsx","statementMap":{"0":{"start":{"line":34,"column":17},"end":{"line":222,"column":1}},"1":{"start":{"line":35,"column":34},"end":{"line":35,"column":49}},"2":{"start":{"line":36,"column":60},"end":{"line":38,"column":5}},"3":{"start":{"line":39,"column":44},"end":{"line":39,"column":59}},"4":{"start":{"line":40,"column":16},"end":{"line":40,"column":72}},"5":{"start":{"line":41,"column":21},"end":{"line":41,"column":37}},"6":{"start":{"line":42,"column":19},"end":{"line":46,"column":3}},"7":{"start":{"line":43,"column":4},"end":{"line":45,"column":5}},"8":{"start":{"line":44,"column":20},"end":{"line":44,"column":46}},"9":{"start":{"line":47,"column":46},"end":{"line":47,"column":61}},"10":{"start":{"line":48,"column":44},"end":{"line":48,"column":56}},"11":{"start":{"line":49,"column":19},"end":{"line":49,"column":32}},"12":{"start":{"line":51,"column":33},"end":{"line":56,"column":3}},"13":{"start":{"line":54,"column":4},"end":{"line":54,"column":51}},"14":{"start":{"line":55,"column":4},"end":{"line":55,"column":23}},"15":{"start":{"line":58,"column":21},"end":{"line":65,"column":3}},"16":{"start":{"line":59,"column":22},"end":{"line":63,"column":21}},"17":{"start":{"line":64,"column":4},"end":{"line":64,"column":49}},"18":{"start":{"line":67,"column":22},"end":{"line":70,"column":3}},"19":{"start":{"line":68,"column":4},"end":{"line":68,"column":25}},"20":{"start":{"line":69,"column":4},"end":{"line":69,"column":29}},"21":{"start":{"line":72,"column":25},"end":{"line":103,"column":3}},"22":{"start":{"line":73,"column":4},"end":{"line":102,"column":5}},"23":{"start":{"line":74,"column":29},"end":{"line":82,"column":7}},"24":{"start":{"line":75,"column":8},"end":{"line":81,"column":10}},"25":{"start":{"line":83,"column":6},"end":{"line":92,"column":8}},"26":{"start":{"line":94,"column":6},"end":{"line":101,"column":8}},"27":{"start":{"line":105,"column":20},"end":{"line":119,"column":3}},"28":{"start":{"line":106,"column":26},"end":{"line":106,"column":54}},"29":{"start":{"line":107,"column":4},"end":{"line":118,"column":5}},"30":{"start":{"line":108,"column":6},"end":{"line":108,"column":74}},"31":{"start":{"line":108,"column":42},"end":{"line":108,"column":72}},"32":{"start":{"line":109,"column":11},"end":{"line":118,"column":5}},"33":{"start":{"line":110,"column":6},"end":{"line":110,"column":69}},"34":{"start":{"line":110,"column":42},"end":{"line":110,"column":67}},"35":{"start":{"line":111,"column":11},"end":{"line":118,"column":5}},"36":{"start":{"line":115,"column":6},"end":{"line":115,"column":78}},"37":{"start":{"line":115,"column":44},"end":{"line":115,"column":76}},"38":{"start":{"line":117,"column":6},"end":{"line":117,"column":27}},"39":{"start":{"line":121,"column":2},"end":{"line":221,"column":4}},"40":{"start":{"line":144,"column":16},"end":{"line":144,"column":41}},"41":{"start":{"line":144,"column":36},"end":{"line":144,"column":39}},"42":{"start":{"line":152,"column":12},"end":{"line":152,"column":31}},"43":{"start":{"line":161,"column":20},"end":{"line":163,"column":22}},"44":{"start":{"line":169,"column":20},"end":{"line":169,"column":74}},"45":{"start":{"line":180,"column":20},"end":{"line":180,"column":50}},"46":{"start":{"line":180,"column":45},"end":{"line":180,"column":48}},"47":{"start":{"line":181,"column":20},"end":{"line":183,"column":22}},"48":{"start":{"line":195,"column":12},"end":{"line":195,"column":36}},"49":{"start":{"line":206,"column":10},"end":{"line":206,"column":66}}},"fnMap":{"0":{"name":"(anonymous_0)","decl":{"start":{"line":34,"column":17},"end":{"line":34,"column":18}},"loc":{"start":{"line":34,"column":23},"end":{"line":222,"column":1}},"line":34},"1":{"name":"(anonymous_1)","decl":{"start":{"line":42,"column":31},"end":{"line":42,"column":32}},"loc":{"start":{"line":43,"column":4},"end":{"line":45,"column":5}},"line":43},"2":{"name":"(anonymous_2)","decl":{"start":{"line":44,"column":6},"end":{"line":44,"column":7}},"loc":{"start":{"line":44,"column":20},"end":{"line":44,"column":46}},"line":44},"3":{"name":"(anonymous_3)","decl":{"start":{"line":51,"column":33},"end":{"line":51,"column":34}},"loc":{"start":{"line":53,"column":7},"end":{"line":56,"column":3}},"line":53},"4":{"name":"(anonymous_4)","decl":{"start":{"line":58,"column":21},"end":{"line":58,"column":22}},"loc":{"start":{"line":58,"column":27},"end":{"line":65,"column":3}},"line":58},"5":{"name":"(anonymous_5)","decl":{"start":{"line":67,"column":22},"end":{"line":67,"column":23}},"loc":{"start":{"line":67,"column":28},"end":{"line":70,"column":3}},"line":67},"6":{"name":"(anonymous_6)","decl":{"start":{"line":72,"column":25},"end":{"line":72,"column":26}},"loc":{"start":{"line":72,"column":50},"end":{"line":103,"column":3}},"line":72},"7":{"name":"(anonymous_7)","decl":{"start":{"line":74,"column":29},"end":{"line":74,"column":30}},"loc":{"start":{"line":74,"column":51},"end":{"line":82,"column":7}},"line":74},"8":{"name":"(anonymous_8)","decl":{"start":{"line":105,"column":20},"end":{"line":105,"column":21}},"loc":{"start":{"line":105,"column":26},"end":{"line":119,"column":3}},"line":105},"9":{"name":"(anonymous_9)","decl":{"start":{"line":108,"column":32},"end":{"line":108,"column":33}},"loc":{"start":{"line":108,"column":42},"end":{"line":108,"column":72}},"line":108},"10":{"name":"(anonymous_10)","decl":{"start":{"line":110,"column":32},"end":{"line":110,"column":33}},"loc":{"start":{"line":110,"column":42},"end":{"line":110,"column":67}},"line":110},"11":{"name":"(anonymous_11)","decl":{"start":{"line":115,"column":34},"end":{"line":115,"column":35}},"loc":{"start":{"line":115,"column":44},"end":{"line":115,"column":76}},"line":115},"12":{"name":"(anonymous_12)","decl":{"start":{"line":143,"column":23},"end":{"line":143,"column":24}},"loc":{"start":{"line":143,"column":29},"end":{"line":145,"column":15}},"line":143},"13":{"name":"(anonymous_13)","decl":{"start":{"line":144,"column":28},"end":{"line":144,"column":29}},"loc":{"start":{"line":144,"column":36},"end":{"line":144,"column":39}},"line":144},"14":{"name":"(anonymous_14)","decl":{"start":{"line":151,"column":21},"end":{"line":151,"column":22}},"loc":{"start":{"line":151,"column":27},"end":{"line":153,"column":11}},"line":151},"15":{"name":"(anonymous_15)","decl":{"start":{"line":160,"column":27},"end":{"line":160,"column":28}},"loc":{"start":{"line":160,"column":33},"end":{"line":164,"column":19}},"line":160},"16":{"name":"(anonymous_16)","decl":{"start":{"line":168,"column":27},"end":{"line":168,"column":28}},"loc":{"start":{"line":168,"column":33},"end":{"line":170,"column":19}},"line":168},"17":{"name":"(anonymous_17)","decl":{"start":{"line":179,"column":27},"end":{"line":179,"column":28}},"loc":{"start":{"line":179,"column":33},"end":{"line":184,"column":19}},"line":179},"18":{"name":"(anonymous_18)","decl":{"start":{"line":180,"column":37},"end":{"line":180,"column":38}},"loc":{"start":{"line":180,"column":45},"end":{"line":180,"column":48}},"line":180},"19":{"name":"(anonymous_19)","decl":{"start":{"line":194,"column":19},"end":{"line":194,"column":20}},"loc":{"start":{"line":194,"column":25},"end":{"line":196,"column":11}},"line":194},"20":{"name":"(anonymous_20)","decl":{"start":{"line":205,"column":20},"end":{"line":205,"column":21}},"loc":{"start":{"line":206,"column":10},"end":{"line":206,"column":66}},"line":206}},"branchMap":{"0":{"loc":{"start":{"line":62,"column":18},"end":{"line":62,"column":36}},"type":"binary-expr","locations":[{"start":{"line":62,"column":18},"end":{"line":62,"column":30}},{"start":{"line":62,"column":34},"end":{"line":62,"column":36}}],"line":62},"1":{"loc":{"start":{"line":73,"column":4},"end":{"line":102,"column":5}},"type":"if","locations":[{"start":{"line":73,"column":4},"end":{"line":102,"column":5}},{"start":{"line":93,"column":11},"end":{"line":102,"column":5}}],"line":73},"2":{"loc":{"start":{"line":106,"column":31},"end":{"line":106,"column":52}},"type":"binary-expr","locations":[{"start":{"line":106,"column":31},"end":{"line":106,"column":46}},{"start":{"line":106,"column":50},"end":{"line":106,"column":52}}],"line":106},"3":{"loc":{"start":{"line":107,"column":4},"end":{"line":118,"column":5}},"type":"if","locations":[{"start":{"line":107,"column":4},"end":{"line":118,"column":5}},{"start":{"line":109,"column":11},"end":{"line":118,"column":5}}],"line":107},"4":{"loc":{"start":{"line":109,"column":11},"end":{"line":118,"column":5}},"type":"if","locations":[{"start":{"line":109,"column":11},"end":{"line":118,"column":5}},{"start":{"line":111,"column":11},"end":{"line":118,"column":5}}],"line":109},"5":{"loc":{"start":{"line":111,"column":11},"end":{"line":118,"column":5}},"type":"if","locations":[{"start":{"line":111,"column":11},"end":{"line":118,"column":5}},{"start":{"line":116,"column":11},"end":{"line":118,"column":5}}],"line":111},"6":{"loc":{"start":{"line":112,"column":6},"end":{"line":113,"column":19}},"type":"binary-expr","locations":[{"start":{"line":112,"column":6},"end":{"line":112,"column":71}},{"start":{"line":113,"column":6},"end":{"line":113,"column":19}}],"line":112},"7":{"loc":{"start":{"line":178,"column":28},"end":{"line":178,"column":59}},"type":"cond-expr","locations":[{"start":{"line":178,"column":44},"end":{"line":178,"column":50}},{"start":{"line":178,"column":53},"end":{"line":178,"column":59}}],"line":178},"8":{"loc":{"start":{"line":209,"column":7},"end":{"line":219,"column":7}},"type":"binary-expr","locations":[{"start":{"line":209,"column":7},"end":{"line":209,"column":21}},{"start":{"line":210,"column":8},"end":{"line":218,"column":10}}],"line":209}},"s":{"0":1,"1":43,"2":43,"3":43,"4":43,"5":43,"6":43,"7":53,"8":53,"9":43,"10":43,"11":43,"12":43,"13":3,"14":3,"15":43,"16":1,"17":1,"18":43,"19":2,"20":2,"21":43,"22":54,"23":17,"24":1,"25":17,"26":37,"27":43,"28":43,"29":43,"30":1,"31":4,"32":42,"33":1,"34":3,"35":41,"36":1,"37":3,"38":40,"39":43,"40":3,"41":3,"42":0,"43":1,"44":1,"45":1,"46":1,"47":1,"48":4,"49":54},"f":{"0":43,"1":53,"2":53,"3":3,"4":1,"5":2,"6":54,"7":1,"8":43,"9":4,"10":3,"11":3,"12":3,"13":3,"14":0,"15":1,"16":1,"17":1,"18":1,"19":4,"20":54},"b":{"0":[1,0],"1":[17,37],"2":[43,0],"3":[1,42],"4":[1,41],"5":[1,40],"6":[41,1],"7":[1,42],"8":[43,12]},"_coverageSchema":"1a1c01bbd47fc00a2c39e90264f33305004495a9","hash":"76bf812d1e94654c5d63d3c9249baf3f1c35261a"}
,"/Users/giorgosioannidis/Sites/ocean/todo/src/screens/TodoLists/TodoLists.styles.ts": {"path":"/Users/giorgosioannidis/Sites/ocean/todo/src/screens/TodoLists/TodoLists.styles.ts","statementMap":{"0":{"start":{"line":9,"column":22},"end":{"line":52,"column":2}}},"fnMap":{},"branchMap":{},"s":{"0":1},"f":{},"b":{},"_coverageSchema":"1a1c01bbd47fc00a2c39e90264f33305004495a9","hash":"d769e5967faf6ae3b4b031e272160f854c38edd8"}
,"/Users/giorgosioannidis/Sites/ocean/todo/src/screens/TodoLists/TodoLists.tsx": {"path":"/Users/giorgosioannidis/Sites/ocean/todo/src/screens/TodoLists/TodoLists.tsx","statementMap":{"0":{"start":{"line":35,"column":24},"end":{"line":76,"column":1}},"1":{"start":{"line":43,"column":19},"end":{"line":43,"column":32}},"2":{"start":{"line":44,"column":2},"end":{"line":75,"column":4}},"3":{"start":{"line":51,"column":10},"end":{"line":51,"column":51}},"4":{"start":{"line":52,"column":10},"end":{"line":52,"column":18}},"5":{"start":{"line":63,"column":10},"end":{"line":63,"column":36}},"6":{"start":{"line":64,"column":10},"end":{"line":64,"column":34}},"7":{"start":{"line":65,"column":10},"end":{"line":65,"column":34}},"8":{"start":{"line":66,"column":10},"end":{"line":66,"column":18}},"9":{"start":{"line":78,"column":18},"end":{"line":168,"column":1}},"10":{"start":{"line":79,"column":46},"end":{"line":79,"column":61}},"11":{"start":{"line":80,"column":42},"end":{"line":80,"column":75}},"12":{"start":{"line":81,"column":20},"end":{"line":83,"column":3}},"13":{"start":{"line":82,"column":26},"end":{"line":82,"column":56}},"14":{"start":{"line":84,"column":28},"end":{"line":84,"column":40}},"15":{"start":{"line":86,"column":19},"end":{"line":86,"column":32}},"16":{"start":{"line":88,"column":4},"end":{"line":88,"column":69}},"17":{"start":{"line":90,"column":28},"end":{"line":92,"column":3}},"18":{"start":{"line":91,"column":4},"end":{"line":91,"column":42}},"19":{"start":{"line":94,"column":29},"end":{"line":96,"column":3}},"20":{"start":{"line":95,"column":4},"end":{"line":95,"column":78}},"21":{"start":{"line":98,"column":2},"end":{"line":167,"column":4}},"22":{"start":{"line":109,"column":12},"end":{"line":109,"column":39}},"23":{"start":{"line":110,"column":12},"end":{"line":110,"column":36}},"24":{"start":{"line":119,"column":10},"end":{"line":148,"column":22}},"25":{"start":{"line":133,"column":16},"end":{"line":133,"column":65}},"26":{"start":{"line":156,"column":12},"end":{"line":156,"column":25}},"27":{"start":{"line":157,"column":12},"end":{"line":157,"column":37}},"28":{"start":{"line":162,"column":12},"end":{"line":162,"column":70}}},"fnMap":{"0":{"name":"(anonymous_0)","decl":{"start":{"line":35,"column":24},"end":{"line":35,"column":25}},"loc":{"start":{"line":42,"column":30},"end":{"line":76,"column":1}},"line":42},"1":{"name":"(anonymous_1)","decl":{"start":{"line":50,"column":17},"end":{"line":50,"column":18}},"loc":{"start":{"line":50,"column":23},"end":{"line":53,"column":9}},"line":50},"2":{"name":"(anonymous_2)","decl":{"start":{"line":62,"column":17},"end":{"line":62,"column":18}},"loc":{"start":{"line":62,"column":23},"end":{"line":67,"column":9}},"line":62},"3":{"name":"(anonymous_3)","decl":{"start":{"line":78,"column":18},"end":{"line":78,"column":19}},"loc":{"start":{"line":78,"column":24},"end":{"line":168,"column":1}},"line":78},"4":{"name":"(anonymous_4)","decl":{"start":{"line":82,"column":4},"end":{"line":82,"column":5}},"loc":{"start":{"line":82,"column":26},"end":{"line":82,"column":56}},"line":82},"5":{"name":"(anonymous_5)","decl":{"start":{"line":90,"column":28},"end":{"line":90,"column":29}},"loc":{"start":{"line":90,"column":34},"end":{"line":92,"column":3}},"line":90},"6":{"name":"(anonymous_6)","decl":{"start":{"line":94,"column":29},"end":{"line":94,"column":30}},"loc":{"start":{"line":94,"column":35},"end":{"line":96,"column":3}},"line":94},"7":{"name":"(anonymous_7)","decl":{"start":{"line":108,"column":19},"end":{"line":108,"column":20}},"loc":{"start":{"line":108,"column":25},"end":{"line":111,"column":11}},"line":108},"8":{"name":"(anonymous_8)","decl":{"start":{"line":118,"column":20},"end":{"line":118,"column":21}},"loc":{"start":{"line":119,"column":10},"end":{"line":148,"column":22}},"line":119},"9":{"name":"(anonymous_9)","decl":{"start":{"line":132,"column":23},"end":{"line":132,"column":24}},"loc":{"start":{"line":132,"column":29},"end":{"line":134,"column":15}},"line":132},"10":{"name":"(anonymous_10)","decl":{"start":{"line":155,"column":19},"end":{"line":155,"column":20}},"loc":{"start":{"line":155,"column":25},"end":{"line":158,"column":11}},"line":155},"11":{"name":"(anonymous_11)","decl":{"start":{"line":161,"column":18},"end":{"line":161,"column":19}},"loc":{"start":{"line":161,"column":24},"end":{"line":163,"column":11}},"line":161}},"branchMap":{"0":{"loc":{"start":{"line":95,"column":38},"end":{"line":95,"column":60}},"type":"binary-expr","locations":[{"start":{"line":95,"column":38},"end":{"line":95,"column":54}},{"start":{"line":95,"column":58},"end":{"line":95,"column":60}}],"line":95},"1":{"loc":{"start":{"line":151,"column":7},"end":{"line":165,"column":7}},"type":"binary-expr","locations":[{"start":{"line":151,"column":7},"end":{"line":151,"column":21}},{"start":{"line":152,"column":8},"end":{"line":164,"column":10}}],"line":151},"2":{"loc":{"start":{"line":153,"column":17},"end":{"line":153,"column":75}},"type":"cond-expr","locations":[{"start":{"line":153,"column":32},"end":{"line":153,"column":48}},{"start":{"line":153,"column":51},"end":{"line":153,"column":75}}],"line":153},"3":{"loc":{"start":{"line":162,"column":12},"end":{"line":162,"column":69}},"type":"cond-expr","locations":[{"start":{"line":162,"column":27},"end":{"line":162,"column":47}},{"start":{"line":162,"column":50},"end":{"line":162,"column":69}}],"line":162}},"s":{"0":1,"1":12,"2":12,"3":2,"4":2,"5":1,"6":1,"7":1,"8":1,"9":1,"10":10,"11":10,"12":10,"13":14,"14":10,"15":10,"16":10,"17":10,"18":1,"19":10,"20":1,"21":10,"22":1,"23":1,"24":10,"25":0,"26":2,"27":2,"28":2},"f":{"0":12,"1":2,"2":1,"3":10,"4":14,"5":1,"6":1,"7":1,"8":10,"9":0,"10":2,"11":2},"b":{"0":[1,0],"1":[10,4],"2":[2,2],"3":[1,1]},"_coverageSchema":"1a1c01bbd47fc00a2c39e90264f33305004495a9","hash":"74dc88ec0e295a2c689ce2a2efd838406c31ae4e"}
,"/Users/giorgosioannidis/Sites/ocean/todo/src/store/todoLists/todoLists.slice.ts": {"path":"/Users/giorgosioannidis/Sites/ocean/todo/src/store/todoLists/todoLists.slice.ts","statementMap":{"0":{"start":{"line":12,"column":51},"end":{"line":23,"column":1}},"1":{"start":{"line":25,"column":30},"end":{"line":180,"column":2}},"2":{"start":{"line":33,"column":6},"end":{"line":33,"column":39}},"3":{"start":{"line":34,"column":6},"end":{"line":44,"column":7}},"4":{"start":{"line":35,"column":8},"end":{"line":35,"column":42}},"5":{"start":{"line":36,"column":8},"end":{"line":36,"column":56}},"6":{"start":{"line":38,"column":8},"end":{"line":41,"column":10}},"7":{"start":{"line":42,"column":8},"end":{"line":42,"column":36}},"8":{"start":{"line":43,"column":8},"end":{"line":43,"column":42}},"9":{"start":{"line":50,"column":6},"end":{"line":50,"column":39}},"10":{"start":{"line":51,"column":6},"end":{"line":53,"column":8}},"11":{"start":{"line":52,"column":22},"end":{"line":52,"column":40}},"12":{"start":{"line":54,"column":6},"end":{"line":54,"column":34}},"13":{"start":{"line":55,"column":6},"end":{"line":55,"column":40}},"14":{"start":{"line":61,"column":6},"end":{"line":61,"column":39}},"15":{"start":{"line":62,"column":6},"end":{"line":91,"column":7}},"16":{"start":{"line":63,"column":8},"end":{"line":63,"column":57}},"17":{"start":{"line":64,"column":8},"end":{"line":64,"column":42}},"18":{"start":{"line":66,"column":25},"end":{"line":68,"column":9}},"19":{"start":{"line":67,"column":20},"end":{"line":67,"column":50}},"20":{"start":{"line":69,"column":8},"end":{"line":90,"column":9}},"21":{"start":{"line":70,"column":30},"end":{"line":77,"column":11}},"22":{"start":{"line":74,"column":16},"end":{"line":74,"column":55}},"23":{"start":{"line":79,"column":10},"end":{"line":84,"column":13}},"24":{"start":{"line":80,"column":12},"end":{"line":82,"column":13}},"25":{"start":{"line":81,"column":14},"end":{"line":81,"column":33}},"26":{"start":{"line":83,"column":12},"end":{"line":83,"column":24}},"27":{"start":{"line":85,"column":10},"end":{"line":85,"column":38}},"28":{"start":{"line":86,"column":10},"end":{"line":86,"column":44}},"29":{"start":{"line":88,"column":10},"end":{"line":88,"column":92}},"30":{"start":{"line":89,"column":10},"end":{"line":89,"column":44}},"31":{"start":{"line":97,"column":6},"end":{"line":97,"column":39}},"32":{"start":{"line":98,"column":6},"end":{"line":116,"column":7}},"33":{"start":{"line":99,"column":8},"end":{"line":99,"column":56}},"34":{"start":{"line":101,"column":25},"end":{"line":103,"column":9}},"35":{"start":{"line":102,"column":20},"end":{"line":102,"column":42}},"36":{"start":{"line":104,"column":8},"end":{"line":115,"column":9}},"37":{"start":{"line":105,"column":10},"end":{"line":105,"column":39}},"38":{"start":{"line":106,"column":10},"end":{"line":109,"column":12}},"39":{"start":{"line":108,"column":53},"end":{"line":108,"column":75}},"40":{"start":{"line":110,"column":10},"end":{"line":110,"column":38}},"41":{"start":{"line":111,"column":10},"end":{"line":111,"column":44}},"42":{"start":{"line":113,"column":10},"end":{"line":113,"column":92}},"43":{"start":{"line":114,"column":10},"end":{"line":114,"column":44}},"44":{"start":{"line":123,"column":6},"end":{"line":123,"column":39}},"45":{"start":{"line":124,"column":6},"end":{"line":152,"column":7}},"46":{"start":{"line":125,"column":8},"end":{"line":125,"column":57}},"47":{"start":{"line":127,"column":25},"end":{"line":129,"column":9}},"48":{"start":{"line":128,"column":20},"end":{"line":128,"column":51}},"49":{"start":{"line":130,"column":43},"end":{"line":134,"column":9}},"50":{"start":{"line":135,"column":8},"end":{"line":151,"column":9}},"51":{"start":{"line":136,"column":10},"end":{"line":145,"column":13}},"52":{"start":{"line":137,"column":12},"end":{"line":144,"column":13}},"53":{"start":{"line":138,"column":14},"end":{"line":141,"column":16}},"54":{"start":{"line":143,"column":14},"end":{"line":143,"column":26}},"55":{"start":{"line":146,"column":10},"end":{"line":146,"column":38}},"56":{"start":{"line":147,"column":10},"end":{"line":147,"column":44}},"57":{"start":{"line":149,"column":10},"end":{"line":149,"column":61}},"58":{"start":{"line":150,"column":10},"end":{"line":150,"column":44}},"59":{"start":{"line":158,"column":6},"end":{"line":158,"column":39}},"60":{"start":{"line":160,"column":23},"end":{"line":162,"column":7}},"61":{"start":{"line":161,"column":18},"end":{"line":161,"column":49}},"62":{"start":{"line":163,"column":6},"end":{"line":177,"column":7}},"63":{"start":{"line":164,"column":47},"end":{"line":167,"column":9}},"64":{"start":{"line":166,"column":50},"end":{"line":166,"column":74}},"65":{"start":{"line":168,"column":31},"end":{"line":170,"column":9}},"66":{"start":{"line":169,"column":20},"end":{"line":169,"column":51}},"67":{"start":{"line":171,"column":8},"end":{"line":171,"column":72}},"68":{"start":{"line":172,"column":8},"end":{"line":172,"column":36}},"69":{"start":{"line":173,"column":8},"end":{"line":173,"column":42}},"70":{"start":{"line":175,"column":8},"end":{"line":175,"column":62}},"71":{"start":{"line":176,"column":8},"end":{"line":176,"column":42}},"72":{"start":{"line":189,"column":4},"end":{"line":189,"column":26}}},"fnMap":{"0":{"name":"(anonymous_0)","decl":{"start":{"line":29,"column":26},"end":{"line":29,"column":27}},"loc":{"start":{"line":32,"column":9},"end":{"line":45,"column":5}},"line":32},"1":{"name":"(anonymous_1)","decl":{"start":{"line":46,"column":26},"end":{"line":46,"column":27}},"loc":{"start":{"line":49,"column":9},"end":{"line":56,"column":5}},"line":49},"2":{"name":"(anonymous_2)","decl":{"start":{"line":52,"column":8},"end":{"line":52,"column":9}},"loc":{"start":{"line":52,"column":22},"end":{"line":52,"column":40}},"line":52},"3":{"name":"(anonymous_3)","decl":{"start":{"line":57,"column":30},"end":{"line":57,"column":31}},"loc":{"start":{"line":60,"column":9},"end":{"line":92,"column":5}},"line":60},"4":{"name":"(anonymous_4)","decl":{"start":{"line":67,"column":10},"end":{"line":67,"column":11}},"loc":{"start":{"line":67,"column":20},"end":{"line":67,"column":50}},"line":67},"5":{"name":"(anonymous_5)","decl":{"start":{"line":73,"column":36},"end":{"line":73,"column":37}},"loc":{"start":{"line":74,"column":16},"end":{"line":74,"column":55}},"line":74},"6":{"name":"(anonymous_6)","decl":{"start":{"line":79,"column":58},"end":{"line":79,"column":59}},"loc":{"start":{"line":79,"column":68},"end":{"line":84,"column":11}},"line":79},"7":{"name":"(anonymous_7)","decl":{"start":{"line":93,"column":24},"end":{"line":93,"column":25}},"loc":{"start":{"line":96,"column":9},"end":{"line":117,"column":5}},"line":96},"8":{"name":"(anonymous_8)","decl":{"start":{"line":102,"column":10},"end":{"line":102,"column":11}},"loc":{"start":{"line":102,"column":20},"end":{"line":102,"column":42}},"line":102},"9":{"name":"(anonymous_9)","decl":{"start":{"line":108,"column":43},"end":{"line":108,"column":44}},"loc":{"start":{"line":108,"column":53},"end":{"line":108,"column":75}},"line":108},"10":{"name":"(anonymous_10)","decl":{"start":{"line":119,"column":29},"end":{"line":119,"column":30}},"loc":{"start":{"line":122,"column":9},"end":{"line":153,"column":5}},"line":122},"11":{"name":"(anonymous_11)","decl":{"start":{"line":128,"column":10},"end":{"line":128,"column":11}},"loc":{"start":{"line":128,"column":20},"end":{"line":128,"column":51}},"line":128},"12":{"name":"(anonymous_12)","decl":{"start":{"line":136,"column":58},"end":{"line":136,"column":59}},"loc":{"start":{"line":136,"column":68},"end":{"line":145,"column":11}},"line":136},"13":{"name":"(anonymous_13)","decl":{"start":{"line":154,"column":32},"end":{"line":154,"column":33}},"loc":{"start":{"line":157,"column":9},"end":{"line":178,"column":5}},"line":157},"14":{"name":"(anonymous_14)","decl":{"start":{"line":161,"column":8},"end":{"line":161,"column":9}},"loc":{"start":{"line":161,"column":18},"end":{"line":161,"column":49}},"line":161},"15":{"name":"(anonymous_15)","decl":{"start":{"line":166,"column":39},"end":{"line":166,"column":40}},"loc":{"start":{"line":166,"column":50},"end":{"line":166,"column":74}},"line":166},"16":{"name":"(anonymous_16)","decl":{"start":{"line":169,"column":10},"end":{"line":169,"column":11}},"loc":{"start":{"line":169,"column":20},"end":{"line":169,"column":51}},"line":169}},"branchMap":{"0":{"loc":{"start":{"line":34,"column":6},"end":{"line":44,"column":7}},"type":"if","locations":[{"start":{"line":34,"column":6},"end":{"line":44,"column":7}},{"start":{"line":37,"column":13},"end":{"line":44,"column":7}}],"line":34},"1":{"loc":{"start":{"line":62,"column":6},"end":{"line":91,"column":7}},"type":"if","locations":[{"start":{"line":62,"column":6},"end":{"line":91,"column":7}},{"start":{"line":65,"column":13},"end":{"line":91,"column":7}}],"line":62},"2":{"loc":{"start":{"line":69,"column":8},"end":{"line":90,"column":9}},"type":"if","locations":[{"start":{"line":69,"column":8},"end":{"line":90,"column":9}},{"start":{"line":87,"column":15},"end":{"line":90,"column":9}}],"line":69},"3":{"loc":{"start":{"line":74,"column":16},"end":{"line":74,"column":55}},"type":"cond-expr","locations":[{"start":{"line":74,"column":41},"end":{"line":74,"column":48}},{"start":{"line":74,"column":51},"end":{"line":74,"column":55}}],"line":74},"4":{"loc":{"start":{"line":80,"column":12},"end":{"line":82,"column":13}},"type":"if","locations":[{"start":{"line":80,"column":12},"end":{"line":82,"column":13}},{"start":{},"end":{}}],"line":80},"5":{"loc":{"start":{"line":98,"column":6},"end":{"line":116,"column":7}},"type":"if","locations":[{"start":{"line":98,"column":6},"end":{"line":116,"column":7}},{"start":{"line":100,"column":13},"end":{"line":116,"column":7}}],"line":98},"6":{"loc":{"start":{"line":104,"column":8},"end":{"line":115,"column":9}},"type":"if","locations":[{"start":{"line":104,"column":8},"end":{"line":115,"column":9}},{"start":{"line":112,"column":15},"end":{"line":115,"column":9}}],"line":104},"7":{"loc":{"start":{"line":124,"column":6},"end":{"line":152,"column":7}},"type":"if","locations":[{"start":{"line":124,"column":6},"end":{"line":152,"column":7}},{"start":{"line":126,"column":13},"end":{"line":152,"column":7}}],"line":124},"8":{"loc":{"start":{"line":135,"column":8},"end":{"line":151,"column":9}},"type":"if","locations":[{"start":{"line":135,"column":8},"end":{"line":151,"column":9}},{"start":{"line":148,"column":15},"end":{"line":151,"column":9}}],"line":135},"9":{"loc":{"start":{"line":137,"column":12},"end":{"line":144,"column":13}},"type":"if","locations":[{"start":{"line":137,"column":12},"end":{"line":144,"column":13}},{"start":{"line":142,"column":19},"end":{"line":144,"column":13}}],"line":137},"10":{"loc":{"start":{"line":163,"column":6},"end":{"line":177,"column":7}},"type":"if","locations":[{"start":{"line":163,"column":6},"end":{"line":177,"column":7}},{"start":{"line":174,"column":13},"end":{"line":177,"column":7}}],"line":163}},"s":{"0":4,"1":4,"2":2,"3":2,"4":1,"5":1,"6":1,"7":1,"8":1,"9":1,"10":1,"11":1,"12":1,"13":1,"14":2,"15":2,"16":1,"17":1,"18":1,"19":1,"20":1,"21":1,"22":1,"23":1,"24":1,"25":1,"26":0,"27":1,"28":1,"29":0,"30":0,"31":1,"32":1,"33":0,"34":1,"35":1,"36":1,"37":1,"38":1,"39":1,"40":1,"41":1,"42":0,"43":0,"44":1,"45":1,"46":0,"47":1,"48":1,"49":1,"50":1,"51":1,"52":1,"53":1,"54":0,"55":1,"56":1,"57":0,"58":0,"59":1,"60":1,"61":1,"62":1,"63":1,"64":1,"65":1,"66":1,"67":1,"68":1,"69":1,"70":0,"71":0,"72":4},"f":{"0":2,"1":1,"2":1,"3":2,"4":1,"5":1,"6":1,"7":1,"8":1,"9":1,"10":1,"11":1,"12":1,"13":1,"14":1,"15":1,"16":1},"b":{"0":[1,1],"1":[1,1],"2":[1,0],"3":[1,0],"4":[1,0],"5":[0,1],"6":[1,0],"7":[0,1],"8":[1,0],"9":[1,0],"10":[1,0]},"_coverageSchema":"1a1c01bbd47fc00a2c39e90264f33305004495a9","hash":"79b8caff74cabb01444b735f43d304308f141fcd"}
,"/Users/giorgosioannidis/Sites/ocean/todo/src/store/todoLists/todoLists.types.ts": {"path":"/Users/giorgosioannidis/Sites/ocean/todo/src/store/todoLists/todoLists.types.ts","statementMap":{"0":{"start":{"line":36,"column":26},"end":{"line":36,"column":38}}},"fnMap":{},"branchMap":{},"s":{"0":4},"f":{},"b":{},"_coverageSchema":"1a1c01bbd47fc00a2c39e90264f33305004495a9","hash":"0d13bdbea7965fa62825a3df31e215a580a06d07"}
,"/Users/giorgosioannidis/Sites/ocean/todo/src/utils/dateUtils.ts": {"path":"/Users/giorgosioannidis/Sites/ocean/todo/src/utils/dateUtils.ts","statementMap":{"0":{"start":{"line":3,"column":26},"end":{"line":5,"column":1}},"1":{"start":{"line":4,"column":2},"end":{"line":4,"column":37}}},"fnMap":{"0":{"name":"(anonymous_0)","decl":{"start":{"line":3,"column":26},"end":{"line":3,"column":27}},"loc":{"start":{"line":3,"column":75},"end":{"line":5,"column":1}},"line":3}},"branchMap":{"0":{"loc":{"start":{"line":3,"column":41},"end":{"line":3,"column":62}},"type":"default-arg","locations":[{"start":{"line":3,"column":50},"end":{"line":3,"column":62}}],"line":3}},"s":{"0":2,"1":12},"f":{"0":12},"b":{"0":[11]},"_coverageSchema":"1a1c01bbd47fc00a2c39e90264f33305004495a9","hash":"8f1d9d042bce47c7bb0816b466c8e7352b64fb64"}
}
