TN:
SF:test-utils.tsx
FN:10,(anonymous_0)
FN:17,(anonymous_1)
FNF:2
FNH:2
FNDA:39,(anonymous_0)
FNDA:39,(anonymous_1)
DA:10,9
DA:17,39
DA:18,39
DA:20,39
DA:29,39
LF:5
LH:5
BRDA:12,0,0,25
BRF:1
BRH:1
end_of_record
TN:
SF:src/assets/icons/deleteIcon.svg
FNF:0
FNH:0
DA:1,3
LF:1
LH:1
BRF:0
BRH:0
end_of_record
TN:
SF:src/assets/icons/edit-icon.svg
FNF:0
FNH:0
DA:1,3
LF:1
LH:1
BRF:0
BRH:0
end_of_record
TN:
SF:src/components/Action/Action.styles.ts
FNF:0
FNH:0
DA:7,4
LF:1
LH:1
BRF:0
BRH:0
end_of_record
TN:
SF:src/components/Action/Action.tsx
FN:16,(anonymous_0)
FNF:1
FNH:1
FNDA:112,(anonymous_0)
DA:16,4
DA:25,112
DA:29,112
LF:3
LH:3
BRF:0
BRH:0
end_of_record
TN:
SF:src/components/Action/index.ts
FNF:0
FNH:0
LF:0
LH:0
BRF:0
BRH:0
end_of_record
TN:
SF:src/components/Checkbox/Checkbox.styles.ts
FNF:0
FNH:0
DA:4,3
LF:1
LH:1
BRF:0
BRH:0
end_of_record
TN:
SF:src/components/Checkbox/Checkbox.tsx
FN:11,(anonymous_0)
FNF:1
FNH:1
FNDA:45,(anonymous_0)
DA:11,3
DA:12,45
LF:2
LH:2
BRF:0
BRH:0
end_of_record
TN:
SF:src/components/Checkbox/index.ts
FNF:0
FNH:0
LF:0
LH:0
BRF:0
BRH:0
end_of_record
TN:
SF:src/components/Dialog/Dialog.tsx
FN:18,(anonymous_0)
FN:49,(anonymous_1)
FNF:2
FNH:2
FNDA:20,(anonymous_0)
FNDA:4,(anonymous_1)
DA:18,3
DA:19,20
DA:50,4
DA:51,4
LF:4
LH:4
BRDA:31,0,0,20
BRDA:31,0,1,8
BRF:2
BRH:2
end_of_record
TN:
SF:src/components/Input/Input.styles.tsx
FNF:0
FNH:0
DA:5,4
LF:1
LH:1
BRF:0
BRH:0
end_of_record
TN:
SF:src/components/Input/Input.tsx
FN:15,(anonymous_0)
FN:23,(anonymous_1)
FN:50,(anonymous_2)
FNF:3
FNH:3
FNDA:43,(anonymous_0)
FNDA:23,(anonymous_1)
FNDA:2,(anonymous_2)
DA:15,4
DA:22,43
DA:23,43
DA:24,23
DA:27,43
DA:51,2
DA:52,2
LF:7
LH:7
BRDA:36,0,0,43
BRDA:36,0,1,1
BRDA:43,1,0,43
BRDA:43,1,1,19
BRDA:43,1,2,19
BRF:5
BRH:5
end_of_record
TN:
SF:src/components/Input/index.ts
FNF:0
FNH:0
LF:0
LH:0
BRF:0
BRH:0
end_of_record
TN:
SF:src/components/Menu/Menu.styles.ts
FNF:0
FNH:0
DA:7,1
LF:1
LH:1
BRF:0
BRH:0
end_of_record
TN:
SF:src/components/Menu/Menu.tsx
FN:17,(anonymous_0)
FN:20,(anonymous_1)
FN:26,(anonymous_2)
FNF:3
FNH:3
FNDA:43,(anonymous_0)
FNDA:86,(anonymous_1)
FNDA:129,(anonymous_2)
DA:17,1
DA:18,43
DA:21,86
DA:27,129
LF:4
LH:4
BRF:0
BRH:0
end_of_record
TN:
SF:src/components/Menu/index.ts
FNF:0
FNH:0
LF:0
LH:0
BRF:0
BRH:0
end_of_record
TN:
SF:src/components/Swipeable/Swipeable.tsx
FN:14,(anonymous_0)
FN:23,(anonymous_1)
FN:27,(anonymous_2)
FNF:3
FNH:3
FNDA:52,(anonymous_0)
FNDA:56,(anonymous_1)
FNDA:5,(anonymous_2)
DA:14,4
DA:21,52
DA:23,52
DA:25,56
DA:27,52
DA:28,5
DA:31,52
LF:7
LH:7
BRDA:17,0,0,1
BRDA:18,1,0,1
BRF:2
BRH:2
end_of_record
TN:
SF:src/components/Swipeable/index.ts
FNF:0
FNH:0
LF:0
LH:0
BRF:0
BRH:0
end_of_record
TN:
SF:src/components/TodoItem/TodoItem.styles.tsx
FNF:0
FNH:0
DA:8,2
LF:1
LH:1
BRDA:22,0,0,0
BRDA:22,0,1,2
BRDA:26,1,0,0
BRDA:26,1,1,2
BRF:4
BRH:2
end_of_record
TN:
SF:src/components/TodoItem/TodoItem.tsx
FN:25,(anonymous_0)
FN:32,(anonymous_1)
FN:44,(anonymous_2)
FN:58,(anonymous_3)
FN:60,(anonymous_4)
FN:70,(anonymous_5)
FN:74,(anonymous_6)
FNF:7
FNH:7
FNDA:43,(anonymous_0)
FNDA:1,(anonymous_1)
FNDA:1,(anonymous_2)
FNDA:41,(anonymous_3)
FNDA:1,(anonymous_4)
FNDA:1,(anonymous_5)
FNDA:1,(anonymous_6)
DA:25,2
DA:26,43
DA:33,1
DA:34,1
DA:45,1
DA:46,1
DA:58,2
DA:59,41
DA:60,41
DA:61,1
DA:70,41
DA:71,1
DA:74,41
DA:75,1
DA:76,1
DA:79,41
LF:16
LH:16
BRDA:65,0,0,1
BRDA:65,0,1,0
BRDA:97,1,0,10
BRDA:97,1,1,31
BRF:4
BRH:3
end_of_record
TN:
SF:src/components/TodoItem/index.ts
FNF:0
FNH:0
LF:0
LH:0
BRF:0
BRH:0
end_of_record
TN:
SF:src/components/Typography/Typography.styles.ts
FNF:0
FNH:0
DA:4,4
LF:1
LH:1
BRF:0
BRH:0
end_of_record
TN:
SF:src/components/Typography/Typography.tsx
FN:12,(anonymous_0)
FN:13,(anonymous_1)
FNF:2
FNH:2
FNDA:79,(anonymous_0)
FNDA:79,(anonymous_1)
DA:12,4
DA:13,79
DA:14,79
DA:16,64
DA:18,3
DA:20,12
DA:24,79
LF:7
LH:7
BRDA:14,0,0,64
BRDA:14,0,1,3
BRDA:14,0,2,12
BRF:3
BRH:3
end_of_record
TN:
SF:src/components/Typography/Typography.types.ts
FNF:0
FNH:0
LF:0
LH:0
BRF:0
BRH:0
end_of_record
TN:
SF:src/components/Typography/index.ts
FNF:0
FNH:0
LF:0
LH:0
BRF:0
BRH:0
end_of_record
TN:
SF:src/constants/styles.ts
FNF:0
FNH:0
DA:4,9
DA:14,9
DA:15,9
DA:16,9
DA:18,9
LF:5
LH:5
BRF:0
BRH:0
end_of_record
TN:
SF:src/screens/TodoList/TodoList.styles.ts
FNF:0
FNH:0
DA:4,1
LF:1
LH:1
BRF:0
BRH:0
end_of_record
TN:
SF:src/screens/TodoList/TodoList.tsx
FN:34,(anonymous_0)
FN:42,(anonymous_1)
FN:44,(anonymous_2)
FN:51,(anonymous_3)
FN:58,(anonymous_4)
FN:67,(anonymous_5)
FN:72,(anonymous_6)
FN:74,(anonymous_7)
FN:105,(anonymous_8)
FN:107,(anonymous_9)
FN:109,(anonymous_10)
FN:114,(anonymous_11)
FN:142,(anonymous_12)
FN:143,(anonymous_13)
FN:150,(anonymous_14)
FN:159,(anonymous_15)
FN:167,(anonymous_16)
FN:178,(anonymous_17)
FN:179,(anonymous_18)
FN:193,(anonymous_19)
FN:204,(anonymous_20)
FNF:21
FNH:20
FNDA:43,(anonymous_0)
FNDA:53,(anonymous_1)
FNDA:53,(anonymous_2)
FNDA:3,(anonymous_3)
FNDA:1,(anonymous_4)
FNDA:2,(anonymous_5)
FNDA:54,(anonymous_6)
FNDA:1,(anonymous_7)
FNDA:43,(anonymous_8)
FNDA:4,(anonymous_9)
FNDA:3,(anonymous_10)
FNDA:3,(anonymous_11)
FNDA:3,(anonymous_12)
FNDA:3,(anonymous_13)
FNDA:0,(anonymous_14)
FNDA:1,(anonymous_15)
FNDA:1,(anonymous_16)
FNDA:1,(anonymous_17)
FNDA:1,(anonymous_18)
FNDA:4,(anonymous_19)
FNDA:54,(anonymous_20)
DA:34,1
DA:35,43
DA:36,43
DA:39,43
DA:40,43
DA:41,43
DA:42,43
DA:43,53
DA:44,53
DA:47,43
DA:48,43
DA:49,43
DA:51,43
DA:54,3
DA:55,3
DA:58,43
DA:59,1
DA:64,1
DA:67,43
DA:68,2
DA:69,2
DA:72,43
DA:73,54
DA:74,17
DA:75,1
DA:83,17
DA:94,37
DA:105,43
DA:106,43
DA:107,4
DA:108,42
DA:109,3
DA:110,41
DA:114,3
DA:116,40
DA:120,43
DA:143,3
DA:151,0
DA:160,1
DA:168,1
DA:179,1
DA:180,1
DA:194,4
DA:205,54
LF:44
LH:43
BRDA:62,0,0,1
BRDA:62,0,1,0
BRDA:73,1,0,17
BRDA:73,1,1,37
BRDA:106,2,0,1
BRDA:106,2,1,42
BRDA:108,3,0,1
BRDA:108,3,1,41
BRDA:110,4,0,1
BRDA:110,4,1,40
BRDA:111,5,0,41
BRDA:111,5,1,1
BRDA:177,6,0,1
BRDA:177,6,1,42
BRDA:208,7,0,43
BRDA:208,7,1,12
BRF:16
BRH:15
end_of_record
TN:
SF:src/screens/TodoLists/TodoLists.styles.ts
FNF:0
FNH:0
DA:9,1
LF:1
LH:1
BRF:0
BRH:0
end_of_record
TN:
SF:src/screens/TodoLists/TodoLists.tsx
FN:26,(anonymous_0)
FN:30,(anonymous_1)
FN:38,(anonymous_2)
FN:42,(anonymous_3)
FN:46,(anonymous_4)
FN:54,(anonymous_5)
FN:66,(anonymous_6)
FN:92,(anonymous_7)
FN:102,(anonymous_8)
FN:111,(anonymous_9)
FN:134,(anonymous_10)
FN:140,(anonymous_11)
FNF:12
FNH:11
FNDA:10,(anonymous_0)
FNDA:14,(anonymous_1)
FNDA:1,(anonymous_2)
FNDA:1,(anonymous_3)
FNDA:12,(anonymous_4)
FNDA:2,(anonymous_5)
FNDA:1,(anonymous_6)
FNDA:1,(anonymous_7)
FNDA:10,(anonymous_8)
FNDA:0,(anonymous_9)
FNDA:2,(anonymous_10)
FNDA:2,(anonymous_11)
DA:26,1
DA:27,10
DA:28,10
DA:29,10
DA:30,14
DA:32,10
DA:34,10
DA:36,10
DA:38,10
DA:39,1
DA:42,10
DA:43,1
DA:46,10
DA:47,12
DA:48,12
DA:55,2
DA:56,2
DA:67,1
DA:68,1
DA:69,1
DA:70,1
DA:82,10
DA:93,1
DA:94,1
DA:103,10
DA:112,0
DA:135,2
DA:136,2
DA:141,2
LF:29
LH:28
BRDA:43,0,0,1
BRDA:43,0,1,0
BRDA:130,1,0,10
BRDA:130,1,1,4
BRDA:132,2,0,2
BRDA:132,2,1,2
BRDA:141,3,0,1
BRDA:141,3,1,1
BRF:8
BRH:7
end_of_record
TN:
SF:src/store/todoLists/todoLists.slice.ts
FN:29,(anonymous_0)
FN:46,(anonymous_1)
FN:52,(anonymous_2)
FN:57,(anonymous_3)
FN:67,(anonymous_4)
FN:73,(anonymous_5)
FN:79,(anonymous_6)
FN:93,(anonymous_7)
FN:102,(anonymous_8)
FN:108,(anonymous_9)
FN:119,(anonymous_10)
FN:128,(anonymous_11)
FN:136,(anonymous_12)
FN:154,(anonymous_13)
FN:161,(anonymous_14)
FN:166,(anonymous_15)
FN:169,(anonymous_16)
FNF:17
FNH:17
FNDA:2,(anonymous_0)
FNDA:1,(anonymous_1)
FNDA:1,(anonymous_2)
FNDA:2,(anonymous_3)
FNDA:1,(anonymous_4)
FNDA:1,(anonymous_5)
FNDA:1,(anonymous_6)
FNDA:1,(anonymous_7)
FNDA:1,(anonymous_8)
FNDA:1,(anonymous_9)
FNDA:1,(anonymous_10)
FNDA:1,(anonymous_11)
FNDA:1,(anonymous_12)
FNDA:1,(anonymous_13)
FNDA:1,(anonymous_14)
FNDA:1,(anonymous_15)
FNDA:1,(anonymous_16)
DA:12,4
DA:25,4
DA:33,2
DA:34,2
DA:35,1
DA:36,1
DA:38,1
DA:42,1
DA:43,1
DA:50,1
DA:51,1
DA:52,1
DA:54,1
DA:55,1
DA:61,2
DA:62,2
DA:63,1
DA:64,1
DA:66,1
DA:67,1
DA:69,1
DA:70,1
DA:74,1
DA:79,1
DA:80,1
DA:81,1
DA:83,0
DA:85,1
DA:86,1
DA:88,0
DA:89,0
DA:97,1
DA:98,1
DA:99,0
DA:101,1
DA:102,1
DA:104,1
DA:105,1
DA:106,1
DA:108,1
DA:110,1
DA:111,1
DA:113,0
DA:114,0
DA:123,1
DA:124,1
DA:125,0
DA:127,1
DA:128,1
DA:130,1
DA:135,1
DA:136,1
DA:137,1
DA:138,1
DA:143,0
DA:146,1
DA:147,1
DA:149,0
DA:150,0
DA:158,1
DA:160,1
DA:161,1
DA:163,1
DA:164,1
DA:166,1
DA:168,1
DA:169,1
DA:171,1
DA:172,1
DA:173,1
DA:175,0
DA:176,0
DA:189,4
LF:73
LH:61
BRDA:34,0,0,1
BRDA:34,0,1,1
BRDA:62,1,0,1
BRDA:62,1,1,1
BRDA:69,2,0,1
BRDA:69,2,1,0
BRDA:74,3,0,1
BRDA:74,3,1,0
BRDA:80,4,0,1
BRDA:80,4,1,0
BRDA:98,5,0,0
BRDA:98,5,1,1
BRDA:104,6,0,1
BRDA:104,6,1,0
BRDA:124,7,0,0
BRDA:124,7,1,1
BRDA:135,8,0,1
BRDA:135,8,1,0
BRDA:137,9,0,1
BRDA:137,9,1,0
BRDA:163,10,0,1
BRDA:163,10,1,0
BRF:22
BRH:13
end_of_record
TN:
SF:src/store/todoLists/todoLists.types.ts
FNF:0
FNH:0
DA:36,4
LF:1
LH:1
BRF:0
BRH:0
end_of_record
TN:
SF:src/utils/dateUtils.ts
FN:3,(anonymous_0)
FNF:1
FNH:1
FNDA:12,(anonymous_0)
DA:3,2
DA:4,12
LF:2
LH:2
BRDA:3,0,0,11
BRF:1
BRH:1
end_of_record
